<?xml version="1.0" encoding="UTF-8"?>
<testsuite xmlns:xsi="http://www.w3.org/2001/XMLSchema-instance" xsi:noNamespaceSchemaLocation="https://maven.apache.org/surefire/maven-surefire-plugin/xsd/surefire-test-report-3.0.xsd" version="3.0" name="com.nifi.geolocation.processors.geolocation.MyProcessorTest" time="0.301" tests="1" errors="0" skipped="0" failures="0">
  <properties>
    <property name="java.specification.version" value="15"/>
    <property name="sun.cpu.isalist" value="amd64"/>
    <property name="sun.jnu.encoding" value="Cp1252"/>
    <property name="java.class.path" value="C:\Users\sathish kumar\geolocation-processor\nifi-geolocation-processors\target\test-classes;C:\Users\sathish kumar\geolocation-processor\nifi-geolocation-processors\target\classes;C:\Users\sathish kumar\.m2\repository\org\apache\nifi\nifi-api\1.20.0\nifi-api-1.20.0.jar;C:\Users\sathish kumar\.m2\repository\org\apache\nifi\nifi-utils\1.20.0\nifi-utils-1.20.0.jar;C:\Users\sathish kumar\.m2\repository\jakarta\xml\bind\jakarta.xml.bind-api\2.3.3\jakarta.xml.bind-api-2.3.3.jar;C:\Users\sathish kumar\.m2\repository\jakarta\activation\jakarta.activation-api\1.2.2\jakarta.activation-api-1.2.2.jar;C:\Users\sathish kumar\.m2\repository\org\glassfish\jaxb\jaxb-runtime\2.3.5\jaxb-runtime-2.3.5.jar;C:\Users\sathish kumar\.m2\repository\org\glassfish\jaxb\txw2\2.3.5\txw2-2.3.5.jar;C:\Users\sathish kumar\.m2\repository\com\sun\istack\istack-commons-runtime\3.0.12\istack-commons-runtime-3.0.12.jar;C:\Users\sathish kumar\.m2\repository\com\sun\activation\jakarta.activation\1.2.2\jakarta.activation-1.2.2.jar;C:\Users\sathish kumar\.m2\repository\org\apache\nifi\nifi-mock\1.20.0\nifi-mock-1.20.0.jar;C:\Users\sathish kumar\.m2\repository\org\apache\nifi\nifi-framework-api\1.20.0\nifi-framework-api-1.20.0.jar;C:\Users\sathish kumar\.m2\repository\org\apache\nifi\nifi-parameter\1.20.0\nifi-parameter-1.20.0.jar;C:\Users\sathish kumar\.m2\repository\org\apache\nifi\nifi-framework-core-api\1.20.0\nifi-framework-core-api-1.20.0.jar;C:\Users\sathish kumar\.m2\repository\org\apache\nifi\nifi-framework-nar-utils\1.20.0\nifi-framework-nar-utils-1.20.0.jar;C:\Users\sathish kumar\.m2\repository\org\apache\nifi\nifi-runtime-manifest-core\1.20.0\nifi-runtime-manifest-core-1.20.0.jar;C:\Users\sathish kumar\.m2\repository\org\apache\nifi\nifi-extension-manifest-model\1.20.0\nifi-extension-manifest-model-1.20.0.jar;C:\Users\sathish kumar\.m2\repository\org\apache\nifi\nifi-extension-manifest-parser\1.20.0\nifi-extension-manifest-parser-1.20.0.jar;C:\Users\sathish kumar\.m2\repository\org\apache\nifi\nifi-client-dto\1.20.0\nifi-client-dto-1.20.0.jar;C:\Users\sathish kumar\.m2\repository\io\swagger\swagger-annotations\1.6.6\swagger-annotations-1.6.6.jar;C:\Users\sathish kumar\.m2\repository\org\apache\nifi\c2-protocol-component-api\1.20.0\c2-protocol-component-api-1.20.0.jar;C:\Users\sathish kumar\.m2\repository\org\apache\nifi\nifi-site-to-site-client\1.20.0\nifi-site-to-site-client-1.20.0.jar;C:\Users\sathish kumar\.m2\repository\org\apache\nifi\nifi-security-utils\1.20.0\nifi-security-utils-1.20.0.jar;C:\Users\sathish kumar\.m2\repository\org\apache\nifi\nifi-deprecation-log\1.20.0\nifi-deprecation-log-1.20.0.jar;C:\Users\sathish kumar\.m2\repository\org\bouncycastle\bcprov-jdk18on\1.71\bcprov-jdk18on-1.71.jar;C:\Users\sathish kumar\.m2\repository\org\bouncycastle\bcpkix-jdk18on\1.71\bcpkix-jdk18on-1.71.jar;C:\Users\sathish kumar\.m2\repository\org\bouncycastle\bcutil-jdk18on\1.71\bcutil-jdk18on-1.71.jar;C:\Users\sathish kumar\.m2\repository\org\apache\nifi\nifi-properties\1.20.0\nifi-properties-1.20.0.jar;C:\Users\sathish kumar\.m2\repository\org\apache\nifi\nifi-property-utils\1.20.0\nifi-property-utils-1.20.0.jar;C:\Users\sathish kumar\.m2\repository\at\favre\lib\bcrypt\0.9.0\bcrypt-0.9.0.jar;C:\Users\sathish kumar\.m2\repository\at\favre\lib\bytes\1.3.0\bytes-1.3.0.jar;C:\Users\sathish kumar\.m2\repository\org\apache\nifi\nifi-security-utils-api\1.20.0\nifi-security-utils-api-1.20.0.jar;C:\Users\sathish kumar\.m2\repository\org\apache\nifi\nifi-security-ssl\1.20.0\nifi-security-ssl-1.20.0.jar;C:\Users\sathish kumar\.m2\repository\org\apache\nifi\nifi-xml-processing\1.20.0\nifi-xml-processing-1.20.0.jar;C:\Users\sathish kumar\.m2\repository\org\apache\httpcomponents\client5\httpclient5\5.0-beta4\httpclient5-5.0-beta4.jar;C:\Users\sathish kumar\.m2\repository\org\apache\httpcomponents\core5\httpcore5\5.0-beta7\httpcore5-5.0-beta7.jar;C:\Users\sathish kumar\.m2\repository\org\apache\httpcomponents\core5\httpcore5-h2\5.0-beta7\httpcore5-h2-5.0-beta7.jar;C:\Users\sathish kumar\.m2\repository\org\apache\httpcomponents\httpasyncclient\4.1.5\httpasyncclient-4.1.5.jar;C:\Users\sathish kumar\.m2\repository\org\apache\httpcomponents\httpcore\4.4.15\httpcore-4.4.15.jar;C:\Users\sathish kumar\.m2\repository\org\apache\httpcomponents\httpcore-nio\4.4.15\httpcore-nio-4.4.15.jar;C:\Users\sathish kumar\.m2\repository\org\apache\httpcomponents\httpclient\4.5.13\httpclient-4.5.13.jar;C:\Users\sathish kumar\.m2\repository\javax\validation\validation-api\2.0.1.Final\validation-api-2.0.1.Final.jar;C:\Users\sathish kumar\.m2\repository\org\apache\commons\commons-lang3\3.12.0\commons-lang3-3.12.0.jar;C:\Users\sathish kumar\.m2\repository\org\apache\nifi\nifi-framework-authorization\1.20.0\nifi-framework-authorization-1.20.0.jar;C:\Users\sathish kumar\.m2\repository\org\apache\nifi\nifi-expression-language\1.20.0\nifi-expression-language-1.20.0.jar;C:\Users\sathish kumar\.m2\repository\org\antlr\antlr-runtime\3.5.2\antlr-runtime-3.5.2.jar;C:\Users\sathish kumar\.m2\repository\org\apache\nifi\nifi-uuid5\1.20.0\nifi-uuid5-1.20.0.jar;C:\Users\sathish kumar\.m2\repository\com\jayway\jsonpath\json-path\2.6.0\json-path-2.6.0.jar;C:\Users\sathish kumar\.m2\repository\net\minidev\json-smart\2.4.8\json-smart-2.4.8.jar;C:\Users\sathish kumar\.m2\repository\net\minidev\accessors-smart\2.4.8\accessors-smart-2.4.8.jar;C:\Users\sathish kumar\.m2\repository\org\ow2\asm\asm\9.1\asm-9.1.jar;C:\Users\sathish kumar\.m2\repository\org\apache\commons\commons-text\1.10.0\commons-text-1.10.0.jar;C:\Users\sathish kumar\.m2\repository\commons-codec\commons-codec\1.15\commons-codec-1.15.jar;C:\Users\sathish kumar\.m2\repository\org\apache\nifi\nifi-data-provenance-utils\1.20.0\nifi-data-provenance-utils-1.20.0.jar;C:\Users\sathish kumar\.m2\repository\org\slf4j\slf4j-simple\2.0.6\slf4j-simple-2.0.6.jar;C:\Users\sathish kumar\.m2\repository\org\slf4j\slf4j-api\2.0.6\slf4j-api-2.0.6.jar;C:\Users\sathish kumar\.m2\repository\org\junit\jupiter\junit-jupiter-api\5.9.1\junit-jupiter-api-5.9.1.jar;C:\Users\sathish kumar\.m2\repository\org\opentest4j\opentest4j\1.2.0\opentest4j-1.2.0.jar;C:\Users\sathish kumar\.m2\repository\org\junit\platform\junit-platform-commons\1.9.1\junit-platform-commons-1.9.1.jar;C:\Users\sathish kumar\.m2\repository\org\apiguardian\apiguardian-api\1.1.2\apiguardian-api-1.1.2.jar;C:\Users\sathish kumar\.m2\repository\org\junit\jupiter\junit-jupiter-engine\5.9.1\junit-jupiter-engine-5.9.1.jar;C:\Users\sathish kumar\.m2\repository\org\junit\platform\junit-platform-engine\1.9.1\junit-platform-engine-1.9.1.jar;C:\Users\sathish kumar\.m2\repository\commons-io\commons-io\2.12.0\commons-io-2.12.0.jar;C:\Users\sathish kumar\.m2\repository\com\google\code\gson\gson\2.10.1\gson-2.10.1.jar;C:\Users\sathish kumar\.m2\repository\com\maxmind\geoip2\geoip2\4.0.1\geoip2-4.0.1.jar;C:\Users\sathish kumar\.m2\repository\com\maxmind\db\maxmind-db\3.0.0\maxmind-db-3.0.0.jar;C:\Users\sathish kumar\.m2\repository\com\fasterxml\jackson\core\jackson-databind\2.14.1\jackson-databind-2.14.1.jar;C:\Users\sathish kumar\.m2\repository\com\fasterxml\jackson\core\jackson-core\2.14.1\jackson-core-2.14.1.jar;C:\Users\sathish kumar\.m2\repository\com\fasterxml\jackson\core\jackson-annotations\2.14.1\jackson-annotations-2.14.1.jar;C:\Users\sathish kumar\.m2\repository\org\junit\vintage\junit-vintage-engine\5.9.1\junit-vintage-engine-5.9.1.jar;C:\Users\sathish kumar\.m2\repository\junit\junit\4.13.2\junit-4.13.2.jar;C:\Users\sathish kumar\.m2\repository\org\hamcrest\hamcrest-core\1.3\hamcrest-core-1.3.jar;C:\Users\sathish kumar\.m2\repository\org\junit\jupiter\junit-jupiter-params\5.9.1\junit-jupiter-params-5.9.1.jar;C:\Users\sathish kumar\.m2\repository\org\mockito\mockito-core\3.12.4\mockito-core-3.12.4.jar;C:\Users\sathish kumar\.m2\repository\net\bytebuddy\byte-buddy\1.11.13\byte-buddy-1.11.13.jar;C:\Users\sathish kumar\.m2\repository\net\bytebuddy\byte-buddy-agent\1.11.13\byte-buddy-agent-1.11.13.jar;C:\Users\sathish kumar\.m2\repository\org\objenesis\objenesis\3.2\objenesis-3.2.jar;C:\Users\sathish kumar\.m2\repository\org\mockito\mockito-junit-jupiter\3.12.4\mockito-junit-jupiter-3.12.4.jar;C:\Users\sathish kumar\.m2\repository\org\codehaus\groovy\groovy-test\3.0.14\groovy-test-3.0.14.jar;C:\Users\sathish kumar\.m2\repository\org\codehaus\groovy\groovy\3.0.14\groovy-3.0.14.jar;"/>
    <property name="java.vm.vendor" value="Oracle Corporation"/>
    <property name="sun.arch.data.model" value="64"/>
    <property name="user.variant" value=""/>
    <property name="java.vendor.url" value="https://java.oracle.com/"/>
    <property name="user.timezone" value="Asia/Calcutta"/>
    <property name="os.name" value="Windows 10"/>
    <property name="java.vm.specification.version" value="15"/>
    <property name="sun.java.launcher" value="SUN_STANDARD"/>
    <property name="user.country" value="IN"/>
    <property name="sun.boot.library.path" value="C:\Program Files\Java\jdk-15\bin"/>
    <property name="sun.java.command" value="C:\Users\sathish kumar\AppData\Local\Temp\surefire7192417216481780138\surefirebooter-20230712131449154_3.jar C:\Users\sathish kumar\AppData\Local\Temp\surefire7192417216481780138 2023-07-12T13-14-47_632-jvmRun1 surefire-20230712131449154_1tmp surefire_0-20230712131449154_2tmp"/>
    <property name="jdk.debug" value="release"/>
    <property name="surefire.test.class.path" value="C:\Users\sathish kumar\geolocation-processor\nifi-geolocation-processors\target\test-classes;C:\Users\sathish kumar\geolocation-processor\nifi-geolocation-processors\target\classes;C:\Users\sathish kumar\.m2\repository\org\apache\nifi\nifi-api\1.20.0\nifi-api-1.20.0.jar;C:\Users\sathish kumar\.m2\repository\org\apache\nifi\nifi-utils\1.20.0\nifi-utils-1.20.0.jar;C:\Users\sathish kumar\.m2\repository\jakarta\xml\bind\jakarta.xml.bind-api\2.3.3\jakarta.xml.bind-api-2.3.3.jar;C:\Users\sathish kumar\.m2\repository\jakarta\activation\jakarta.activation-api\1.2.2\jakarta.activation-api-1.2.2.jar;C:\Users\sathish kumar\.m2\repository\org\glassfish\jaxb\jaxb-runtime\2.3.5\jaxb-runtime-2.3.5.jar;C:\Users\sathish kumar\.m2\repository\org\glassfish\jaxb\txw2\2.3.5\txw2-2.3.5.jar;C:\Users\sathish kumar\.m2\repository\com\sun\istack\istack-commons-runtime\3.0.12\istack-commons-runtime-3.0.12.jar;C:\Users\sathish kumar\.m2\repository\com\sun\activation\jakarta.activation\1.2.2\jakarta.activation-1.2.2.jar;C:\Users\sathish kumar\.m2\repository\org\apache\nifi\nifi-mock\1.20.0\nifi-mock-1.20.0.jar;C:\Users\sathish kumar\.m2\repository\org\apache\nifi\nifi-framework-api\1.20.0\nifi-framework-api-1.20.0.jar;C:\Users\sathish kumar\.m2\repository\org\apache\nifi\nifi-parameter\1.20.0\nifi-parameter-1.20.0.jar;C:\Users\sathish kumar\.m2\repository\org\apache\nifi\nifi-framework-core-api\1.20.0\nifi-framework-core-api-1.20.0.jar;C:\Users\sathish kumar\.m2\repository\org\apache\nifi\nifi-framework-nar-utils\1.20.0\nifi-framework-nar-utils-1.20.0.jar;C:\Users\sathish kumar\.m2\repository\org\apache\nifi\nifi-runtime-manifest-core\1.20.0\nifi-runtime-manifest-core-1.20.0.jar;C:\Users\sathish kumar\.m2\repository\org\apache\nifi\nifi-extension-manifest-model\1.20.0\nifi-extension-manifest-model-1.20.0.jar;C:\Users\sathish kumar\.m2\repository\org\apache\nifi\nifi-extension-manifest-parser\1.20.0\nifi-extension-manifest-parser-1.20.0.jar;C:\Users\sathish kumar\.m2\repository\org\apache\nifi\nifi-client-dto\1.20.0\nifi-client-dto-1.20.0.jar;C:\Users\sathish kumar\.m2\repository\io\swagger\swagger-annotations\1.6.6\swagger-annotations-1.6.6.jar;C:\Users\sathish kumar\.m2\repository\org\apache\nifi\c2-protocol-component-api\1.20.0\c2-protocol-component-api-1.20.0.jar;C:\Users\sathish kumar\.m2\repository\org\apache\nifi\nifi-site-to-site-client\1.20.0\nifi-site-to-site-client-1.20.0.jar;C:\Users\sathish kumar\.m2\repository\org\apache\nifi\nifi-security-utils\1.20.0\nifi-security-utils-1.20.0.jar;C:\Users\sathish kumar\.m2\repository\org\apache\nifi\nifi-deprecation-log\1.20.0\nifi-deprecation-log-1.20.0.jar;C:\Users\sathish kumar\.m2\repository\org\bouncycastle\bcprov-jdk18on\1.71\bcprov-jdk18on-1.71.jar;C:\Users\sathish kumar\.m2\repository\org\bouncycastle\bcpkix-jdk18on\1.71\bcpkix-jdk18on-1.71.jar;C:\Users\sathish kumar\.m2\repository\org\bouncycastle\bcutil-jdk18on\1.71\bcutil-jdk18on-1.71.jar;C:\Users\sathish kumar\.m2\repository\org\apache\nifi\nifi-properties\1.20.0\nifi-properties-1.20.0.jar;C:\Users\sathish kumar\.m2\repository\org\apache\nifi\nifi-property-utils\1.20.0\nifi-property-utils-1.20.0.jar;C:\Users\sathish kumar\.m2\repository\at\favre\lib\bcrypt\0.9.0\bcrypt-0.9.0.jar;C:\Users\sathish kumar\.m2\repository\at\favre\lib\bytes\1.3.0\bytes-1.3.0.jar;C:\Users\sathish kumar\.m2\repository\org\apache\nifi\nifi-security-utils-api\1.20.0\nifi-security-utils-api-1.20.0.jar;C:\Users\sathish kumar\.m2\repository\org\apache\nifi\nifi-security-ssl\1.20.0\nifi-security-ssl-1.20.0.jar;C:\Users\sathish kumar\.m2\repository\org\apache\nifi\nifi-xml-processing\1.20.0\nifi-xml-processing-1.20.0.jar;C:\Users\sathish kumar\.m2\repository\org\apache\httpcomponents\client5\httpclient5\5.0-beta4\httpclient5-5.0-beta4.jar;C:\Users\sathish kumar\.m2\repository\org\apache\httpcomponents\core5\httpcore5\5.0-beta7\httpcore5-5.0-beta7.jar;C:\Users\sathish kumar\.m2\repository\org\apache\httpcomponents\core5\httpcore5-h2\5.0-beta7\httpcore5-h2-5.0-beta7.jar;C:\Users\sathish kumar\.m2\repository\org\apache\httpcomponents\httpasyncclient\4.1.5\httpasyncclient-4.1.5.jar;C:\Users\sathish kumar\.m2\repository\org\apache\httpcomponents\httpcore\4.4.15\httpcore-4.4.15.jar;C:\Users\sathish kumar\.m2\repository\org\apache\httpcomponents\httpcore-nio\4.4.15\httpcore-nio-4.4.15.jar;C:\Users\sathish kumar\.m2\repository\org\apache\httpcomponents\httpclient\4.5.13\httpclient-4.5.13.jar;C:\Users\sathish kumar\.m2\repository\javax\validation\validation-api\2.0.1.Final\validation-api-2.0.1.Final.jar;C:\Users\sathish kumar\.m2\repository\org\apache\commons\commons-lang3\3.12.0\commons-lang3-3.12.0.jar;C:\Users\sathish kumar\.m2\repository\org\apache\nifi\nifi-framework-authorization\1.20.0\nifi-framework-authorization-1.20.0.jar;C:\Users\sathish kumar\.m2\repository\org\apache\nifi\nifi-expression-language\1.20.0\nifi-expression-language-1.20.0.jar;C:\Users\sathish kumar\.m2\repository\org\antlr\antlr-runtime\3.5.2\antlr-runtime-3.5.2.jar;C:\Users\sathish kumar\.m2\repository\org\apache\nifi\nifi-uuid5\1.20.0\nifi-uuid5-1.20.0.jar;C:\Users\sathish kumar\.m2\repository\com\jayway\jsonpath\json-path\2.6.0\json-path-2.6.0.jar;C:\Users\sathish kumar\.m2\repository\net\minidev\json-smart\2.4.8\json-smart-2.4.8.jar;C:\Users\sathish kumar\.m2\repository\net\minidev\accessors-smart\2.4.8\accessors-smart-2.4.8.jar;C:\Users\sathish kumar\.m2\repository\org\ow2\asm\asm\9.1\asm-9.1.jar;C:\Users\sathish kumar\.m2\repository\org\apache\commons\commons-text\1.10.0\commons-text-1.10.0.jar;C:\Users\sathish kumar\.m2\repository\commons-codec\commons-codec\1.15\commons-codec-1.15.jar;C:\Users\sathish kumar\.m2\repository\org\apache\nifi\nifi-data-provenance-utils\1.20.0\nifi-data-provenance-utils-1.20.0.jar;C:\Users\sathish kumar\.m2\repository\org\slf4j\slf4j-simple\2.0.6\slf4j-simple-2.0.6.jar;C:\Users\sathish kumar\.m2\repository\org\slf4j\slf4j-api\2.0.6\slf4j-api-2.0.6.jar;C:\Users\sathish kumar\.m2\repository\org\junit\jupiter\junit-jupiter-api\5.9.1\junit-jupiter-api-5.9.1.jar;C:\Users\sathish kumar\.m2\repository\org\opentest4j\opentest4j\1.2.0\opentest4j-1.2.0.jar;C:\Users\sathish kumar\.m2\repository\org\junit\platform\junit-platform-commons\1.9.1\junit-platform-commons-1.9.1.jar;C:\Users\sathish kumar\.m2\repository\org\apiguardian\apiguardian-api\1.1.2\apiguardian-api-1.1.2.jar;C:\Users\sathish kumar\.m2\repository\org\junit\jupiter\junit-jupiter-engine\5.9.1\junit-jupiter-engine-5.9.1.jar;C:\Users\sathish kumar\.m2\repository\org\junit\platform\junit-platform-engine\1.9.1\junit-platform-engine-1.9.1.jar;C:\Users\sathish kumar\.m2\repository\commons-io\commons-io\2.12.0\commons-io-2.12.0.jar;C:\Users\sathish kumar\.m2\repository\com\google\code\gson\gson\2.10.1\gson-2.10.1.jar;C:\Users\sathish kumar\.m2\repository\com\maxmind\geoip2\geoip2\4.0.1\geoip2-4.0.1.jar;C:\Users\sathish kumar\.m2\repository\com\maxmind\db\maxmind-db\3.0.0\maxmind-db-3.0.0.jar;C:\Users\sathish kumar\.m2\repository\com\fasterxml\jackson\core\jackson-databind\2.14.1\jackson-databind-2.14.1.jar;C:\Users\sathish kumar\.m2\repository\com\fasterxml\jackson\core\jackson-core\2.14.1\jackson-core-2.14.1.jar;C:\Users\sathish kumar\.m2\repository\com\fasterxml\jackson\core\jackson-annotations\2.14.1\jackson-annotations-2.14.1.jar;C:\Users\sathish kumar\.m2\repository\org\junit\vintage\junit-vintage-engine\5.9.1\junit-vintage-engine-5.9.1.jar;C:\Users\sathish kumar\.m2\repository\junit\junit\4.13.2\junit-4.13.2.jar;C:\Users\sathish kumar\.m2\repository\org\hamcrest\hamcrest-core\1.3\hamcrest-core-1.3.jar;C:\Users\sathish kumar\.m2\repository\org\junit\jupiter\junit-jupiter-params\5.9.1\junit-jupiter-params-5.9.1.jar;C:\Users\sathish kumar\.m2\repository\org\mockito\mockito-core\3.12.4\mockito-core-3.12.4.jar;C:\Users\sathish kumar\.m2\repository\net\bytebuddy\byte-buddy\1.11.13\byte-buddy-1.11.13.jar;C:\Users\sathish kumar\.m2\repository\net\bytebuddy\byte-buddy-agent\1.11.13\byte-buddy-agent-1.11.13.jar;C:\Users\sathish kumar\.m2\repository\org\objenesis\objenesis\3.2\objenesis-3.2.jar;C:\Users\sathish kumar\.m2\repository\org\mockito\mockito-junit-jupiter\3.12.4\mockito-junit-jupiter-3.12.4.jar;C:\Users\sathish kumar\.m2\repository\org\codehaus\groovy\groovy-test\3.0.14\groovy-test-3.0.14.jar;C:\Users\sathish kumar\.m2\repository\org\codehaus\groovy\groovy\3.0.14\groovy-3.0.14.jar;"/>
    <property name="sun.cpu.endian" value="little"/>
    <property name="user.home" value="C:\Users\sathish kumar"/>
    <property name="user.language" value="en"/>
    <property name="java.specification.vendor" value="Oracle Corporation"/>
    <property name="java.version.date" value="2020-09-15"/>
    <property name="java.home" value="C:\Program Files\Java\jdk-15"/>
    <property name="file.separator" value="\"/>
    <property name="basedir" value="C:\Users\sathish kumar\geolocation-processor\nifi-geolocation-processors"/>
    <property name="java.vm.compressedOopsMode" value="32-bit"/>
    <property name="line.separator" value="&#10;"/>
    <property name="java.vm.specification.vendor" value="Oracle Corporation"/>
    <property name="java.specification.name" value="Java Platform API Specification"/>
    <property name="java.awt.headless" value="true"/>
    <property name="surefire.real.class.path" value="C:\Users\sathish kumar\AppData\Local\Temp\surefire7192417216481780138\surefirebooter-20230712131449154_3.jar"/>
    <property name="user.script" value=""/>
    <property name="sun.management.compiler" value="HotSpot 64-Bit Tiered Compilers"/>
    <property name="java.runtime.version" value="15+36-1562"/>
    <property name="user.name" value="sathish kumar"/>
    <property name="path.separator" value=";"/>
    <property name="os.version" value="10.0"/>
    <property name="java.runtime.name" value="Java(TM) SE Runtime Environment"/>
    <property name="file.encoding" value="Cp1252"/>
    <property name="java.vm.name" value="Java HotSpot(TM) 64-Bit Server VM"/>
    <property name="localRepository" value="C:\Users\sathish kumar\.m2\repository"/>
    <property name="java.vendor.url.bug" value="https://bugreport.java.com/bugreport/"/>
    <property name="java.io.tmpdir" value="C:\Users\SATHIS~1\AppData\Local\Temp\"/>
    <property name="java.version" value="15"/>
    <property name="user.dir" value="C:\Users\sathish kumar\geolocation-processor\nifi-geolocation-processors"/>
    <property name="os.arch" value="amd64"/>
    <property name="java.vm.specification.name" value="Java Virtual Machine Specification"/>
    <property name="sun.os.patch.level" value=""/>
    <property name="java.library.path" value="C:\Program Files\Java\jdk-15\bin;C:\WINDOWS\Sun\Java\bin;C:\WINDOWS\system32;C:\WINDOWS;C:\Program Files (x86)\Common Files\Oracle\Java\javapath;C:\Program Files\MongoDB\Server\6.0\bin;C:\Python39\Scripts\;C:\Python39\;C:\Program Files\Java\jdk-15\bin;C:\Python27;C:\WINDOWS\system32;C:\WINDOWS;C:\WINDOWS\System32\Wbem;C:\WINDOWS\System32\WindowsPowerShell\v1.0\;C:\WINDOWS\System32\OpenSSH\;C:\Program Files\nodejs\;C:\ProgramData\chocolatey\bin;C:\mongosh-1.6.1\bin;C:\Program Files\Git\cmd;C:\Program Files\dotnet\;C:\Users\sathish kumar\Downloads\apache-maven-3.8.8-bin\apache-maven-3.8.8\bin;C:\Program Files\PuTTY\;C:\Users\sathish kumar\anaconda3;C:\Users\sathish kumar\anaconda3\Library\mingw-w64\bin;C:\Users\sathish kumar\anaconda3\Library\usr\bin;C:\Users\sathish kumar\anaconda3\Library\bin;C:\Users\sathish kumar\anaconda3\Scripts;C:\Program Files\MySQL\MySQL Shell 8.0\bin\;C:\Users\sathish kumar\AppData\Local\Microsoft\WindowsApps;C:\Windows\System32;C:\Python27;C:\Users\sathish kumar\AppData\Local\Programs\Microsoft VS Code\bin;C:\Users\sathish kumar\AppData\Roaming\npm;C:\ProgramData\sathish kumar\gitkraken\bin;C:\Users\sathish kumar\AppData\Local\Microsoft\WindowsApps;C:\Users\sathish kumar\Downloads\apache-maven-3.8.8-bin\apache-maven-3.8.8\bin;;."/>
    <property name="java.vm.info" value="mixed mode, sharing"/>
    <property name="java.vendor" value="Oracle Corporation"/>
    <property name="java.vm.version" value="15+36-1562"/>
    <property name="sun.io.unicode.encoding" value="UnicodeLittle"/>
    <property name="java.class.version" value="59.0"/>
  </properties>
  <testcase name="testProcessor" classname="com.nifi.geolocation.processors.geolocation.MyProcessorTest" time="0.283"/>
</testsuite>